<?xml version="1.0" encoding="UTF-8"?>
<!-- Generated by org.testng.reporters.JUnitReportReporter -->
<testsuite hostname="DESKTOP-KB4U53U" failures="0" tests="4" name="crmTestData.LoginPageTest" time="50.425" errors="0" timestamp="2024-01-11T15:53:23 IST" skipped="0">
  <testcase classname="crmTestData.LoginPageTest" name="forgotPasswordTest" time="12.842"/>
  <testcase classname="crmTestData.LoginPageTest" name="signUpTest" time="17.007"/>
  <testcase classname="crmTestData.LoginPageTest" name="validateLoginPageTitleTest" time="9.823"/>
  <testcase classname="crmTestData.LoginPageTest" name="loginTest" time="10.753"/>
</testsuite> <!-- crmTestData.LoginPageTest -->
