<?xml version="1.0" encoding="UTF-8"?>
<!-- Generated by org.testng.reporters.JUnitReportReporter -->
<testsuite hostname="DESKTOP-KB4U53U" failures="0" tests="1" name="crmTestcases.SignUpPagetTest" time="13.752" errors="0" timestamp="2024-01-11T18:18:14 IST" skipped="0">
  <testcase classname="crmTestcases.SignUpPagetTest" name="validateSignUpPageHeadingTest" time="13.752"/>
</testsuite> <!-- crmTestcases.SignUpPagetTest -->
