<?xml version="1.0" encoding="UTF-8"?>
<!-- Generated by org.testng.reporters.JUnitReportReporter -->
<testsuite hostname="DESKTOP-KB4U53U" failures="0" tests="1" name="crmTestData.SignUpPagetTest" time="15.332" errors="0" timestamp="2024-01-11T16:23:49 IST" skipped="0">
  <testcase classname="crmTestData.SignUpPagetTest" name="backToLoginPageTest" time="15.332"/>
</testsuite> <!-- crmTestData.SignUpPagetTest -->
