<?xml version="1.0" encoding="UTF-8"?>
<!-- Generated by org.testng.reporters.JUnitReportReporter -->
<testsuite hostname="DESKTOP-KB4U53U" failures="0" tests="4" name="crmTestcases.CreateNewContactsPageTest" time="259.589" errors="0" timestamp="2024-01-12T19:58:00 IST" skipped="0">
  <testcase classname="crmTestcases.CreateNewContactsPageTest" name="createNewContactTest" time="140.026"/>
  <testcase classname="crmTestcases.CreateNewContactsPageTest" name="createNewContactTest" time="33.004"/>
  <testcase classname="crmTestcases.CreateNewContactsPageTest" name="createNewContactTest" time="73.202"/>
  <testcase classname="crmTestcases.CreateNewContactsPageTest" name="cancleCreateNewContactTest" time="13.357"/>
</testsuite> <!-- crmTestcases.CreateNewContactsPageTest -->
