<?xml version="1.0" encoding="UTF-8"?>
<!-- Generated by org.testng.reporters.JUnitReportReporter -->
<testsuite hostname="DESKTOP-KB4U53U" failures="0" tests="1" name="crmTestcases.ContactsPageTest" time="25.823" errors="0" timestamp="2024-01-16T10:49:48 IST" skipped="0">
  <testcase classname="crmTestcases.ContactsPageTest" name="validateContactsPageheadingTest" time="25.823"/>
</testsuite> <!-- crmTestcases.ContactsPageTest -->
