<?xml version="1.0" encoding="UTF-8"?>
<!-- Generated by org.testng.reporters.JUnitReportReporter -->
<testsuite hostname="DESKTOP-KB4U53U" failures="0" tests="1" name="crmTestcases.HomePageTest" time="24.537" errors="0" timestamp="2024-01-16T10:49:47 IST" skipped="0">
  <testcase classname="crmTestcases.HomePageTest" name="validateUserNameTest" time="24.537"/>
</testsuite> <!-- crmTestcases.HomePageTest -->
