<?xml version="1.0" encoding="UTF-8"?>
<!-- Generated by org.testng.reporters.JUnitReportReporter -->
<testsuite hostname="DESKTOP-KB4U53U" failures="0" tests="4" name="crmTestcases.LoginPageTest" time="100.363" errors="0" timestamp="2024-01-16T10:49:48 IST" skipped="0">
  <testcase classname="crmTestcases.LoginPageTest" name="signUpTest" time="27.069"/>
  <testcase classname="crmTestcases.LoginPageTest" name="forgotPasswordTest" time="29.096"/>
  <testcase classname="crmTestcases.LoginPageTest" name="validateLoginPageTitleTest" time="26.591"/>
  <testcase classname="crmTestcases.LoginPageTest" name="loginTest" time="17.607"/>
</testsuite> <!-- crmTestcases.LoginPageTest -->
