<?xml version="1.0" encoding="UTF-8"?>
<!-- Generated by org.testng.reporters.JUnitReportReporter -->
<testsuite hostname="DESKTOP-KB4U53U" failures="0" tests="1" name="crmTestData.HomePageTest" time="19.579" errors="0" timestamp="2024-01-11T17:10:22 IST" skipped="0">
  <testcase classname="crmTestData.HomePageTest" name="validateUserNameTest" time="19.579"/>
</testsuite> <!-- crmTestData.HomePageTest -->
