<?xml version="1.0" encoding="UTF-8"?>
<!-- Generated by org.testng.reporters.JUnitReportReporter -->
<testsuite hostname="DESKTOP-KB4U53U" failures="0" tests="2" name="crmTestData.ForgotPasswordPageTest" time="33.703" errors="0" timestamp="2024-01-11T16:02:58 IST" skipped="0">
  <testcase classname="crmTestData.ForgotPasswordPageTest" name="resetPasswordTest" time="17.459"/>
  <testcase classname="crmTestData.ForgotPasswordPageTest" name="backToLoginPageTest" time="16.244"/>
</testsuite> <!-- crmTestData.ForgotPasswordPageTest -->
